TN:
SF:src/modules/locations/services/CreateLocationService.ts
FN:1,(empty-report)
FNF:1
FNH:0
FNDA:0,(empty-report)
DA:1,0
DA:2,0
DA:3,0
DA:4,0
DA:5,0
DA:6,0
DA:7,0
DA:8,0
DA:9,0
DA:10,0
DA:11,0
DA:12,0
DA:13,0
DA:14,0
DA:15,0
DA:16,0
DA:17,0
DA:18,0
DA:19,0
DA:20,0
DA:21,0
DA:22,0
DA:23,0
DA:24,0
DA:25,0
DA:26,0
DA:27,0
DA:28,0
DA:29,0
DA:30,0
DA:31,0
DA:32,0
DA:33,0
DA:34,0
DA:35,0
DA:36,0
DA:37,0
DA:38,0
DA:39,0
DA:40,0
DA:41,0
DA:42,0
DA:43,0
DA:44,0
DA:45,0
DA:46,0
DA:47,0
DA:48,0
DA:49,0
DA:50,0
DA:51,0
DA:52,0
DA:53,0
DA:54,0
DA:55,0
DA:56,0
DA:57,0
DA:58,0
DA:59,0
DA:60,0
DA:61,0
DA:62,0
DA:63,0
DA:64,0
DA:65,0
DA:66,0
DA:67,0
DA:68,0
DA:69,0
DA:70,0
DA:71,0
DA:72,0
DA:73,0
DA:74,0
DA:75,0
DA:76,0
DA:77,0
DA:78,0
DA:79,0
DA:80,0
DA:81,0
DA:82,0
DA:83,0
DA:84,0
DA:85,0
DA:86,0
DA:87,0
DA:88,0
DA:89,0
DA:90,0
LF:90
LH:0
BRDA:1,0,0,0
BRF:1
BRH:0
end_of_record
TN:
SF:src/modules/properties/services/CreatePropertieService.ts
FN:1,(empty-report)
FNF:1
FNH:0
FNDA:0,(empty-report)
DA:1,0
DA:2,0
DA:3,0
DA:4,0
DA:5,0
DA:6,0
DA:7,0
DA:8,0
DA:9,0
DA:10,0
DA:11,0
DA:12,0
DA:13,0
DA:14,0
DA:15,0
DA:16,0
DA:17,0
DA:18,0
DA:19,0
DA:20,0
DA:21,0
DA:22,0
DA:23,0
DA:24,0
DA:25,0
DA:26,0
DA:27,0
DA:28,0
DA:29,0
DA:30,0
DA:31,0
DA:32,0
DA:33,0
DA:34,0
DA:35,0
DA:36,0
DA:37,0
DA:38,0
DA:39,0
DA:40,0
DA:41,0
DA:42,0
DA:43,0
DA:44,0
DA:45,0
DA:46,0
DA:47,0
DA:48,0
DA:49,0
DA:50,0
DA:51,0
DA:52,0
DA:53,0
DA:54,0
DA:55,0
DA:56,0
DA:57,0
DA:58,0
DA:59,0
DA:60,0
DA:61,0
DA:62,0
LF:62
LH:0
BRDA:1,0,0,0
BRF:1
BRH:0
end_of_record
TN:
SF:src/modules/tenents/services/CreateTenent.ts
FN:70,Object.<anonymous>
FN:70,Object.<anonymous>.__decorate
FN:70,Object.<anonymous>.__metadata
FN:70,Object.<anonymous>.__param
FN:70,Object.<anonymous>.__awaiter
FN:70,adopt
FN:70,fulfilled
FN:70,rejected
FN:70,step
FN:70,Object.<anonymous>.__generator
FN:70,sent
FN:70,g.<computed>
FN:70,verb
FN:70,step
FN:70,Object.<anonymous>.__importDefault
FN:24,CreateTenentService
FN:29,Object.<anonymous>.CreateTenentService.execute
FNF:17
FNH:15
FNDA:2,Object.<anonymous>
FNDA:2,Object.<anonymous>.__decorate
FNDA:2,Object.<anonymous>.__metadata
FNDA:2,Object.<anonymous>.__param
FNDA:8,Object.<anonymous>.__awaiter
FNDA:21,adopt
FNDA:21,fulfilled
FNDA:0,rejected
FNDA:27,step
FNDA:8,Object.<anonymous>.__generator
FNDA:21,sent
FNDA:0,g.<computed>
FNDA:24,verb
FNDA:29,step
FNDA:2,Object.<anonymous>.__importDefault
FNDA:5,CreateTenentService
FNDA:8,Object.<anonymous>.CreateTenentService.execute
DA:1,1
DA:2,1
DA:3,1
DA:4,1
DA:5,1
DA:6,1
DA:7,1
DA:8,1
DA:9,1
DA:10,1
DA:11,1
DA:12,1
DA:13,1
DA:14,1
DA:15,1
DA:16,1
DA:17,1
DA:18,1
DA:19,1
DA:20,1
DA:21,1
DA:22,1
DA:23,2
DA:24,2
DA:25,5
DA:26,5
DA:27,5
DA:28,2
DA:29,2
DA:30,8
DA:31,8
DA:32,8
DA:33,8
DA:34,8
DA:35,8
DA:36,8
DA:37,8
DA:38,8
DA:39,8
DA:40,8
DA:41,8
DA:42,8
DA:43,8
DA:44,1
DA:45,1
DA:46,7
DA:47,7
DA:48,8
DA:49,8
DA:50,1
DA:51,1
DA:52,6
DA:53,6
DA:54,6
DA:55,6
DA:56,6
DA:57,6
DA:58,6
DA:59,6
DA:60,6
DA:61,6
DA:62,6
DA:63,6
DA:64,6
DA:65,8
DA:66,8
DA:67,8
DA:68,2
DA:69,1
DA:70,1
LF:70
LH:70
BRDA:70,0,0,2
BRDA:70,1,0,2
BRDA:70,2,0,2
BRDA:70,3,0,0
BRDA:70,4,0,0
BRDA:70,5,0,0
BRDA:70,6,0,0
BRDA:70,7,0,2
BRDA:70,8,0,2
BRDA:70,9,0,2
BRDA:70,10,0,8
BRDA:70,11,0,21
BRDA:70,12,0,0
BRDA:70,13,0,8
BRDA:70,14,0,21
BRDA:70,15,0,19
BRDA:70,16,0,2
BRDA:70,17,0,27
BRDA:70,18,0,6
BRDA:70,19,0,21
BRDA:70,20,0,8
BRDA:70,21,0,21
BRDA:70,22,0,0
BRDA:70,23,0,24
BRDA:70,24,0,29
BRDA:70,25,0,29
BRDA:70,26,0,0
BRDA:70,27,0,58
BRDA:70,28,0,0
BRDA:70,29,0,0
BRDA:70,30,0,0
BRDA:70,31,0,0
BRDA:70,32,0,29
BRDA:70,33,0,29
BRDA:70,34,0,21
BRDA:70,35,0,0
BRDA:70,36,0,0
BRDA:70,37,0,8
BRDA:70,38,0,0
BRDA:70,39,0,6
BRDA:70,40,0,0
BRDA:70,41,0,0
BRDA:70,42,0,0
BRDA:70,43,0,0
BRDA:70,44,0,46
BRDA:70,45,0,29
BRDA:70,46,0,27
BRDA:70,47,0,2
BRDA:70,48,0,29
BRDA:70,49,0,8
BRDA:70,50,0,2
BRDA:70,51,0,6
BRDA:70,52,0,0
BRDA:70,53,0,2
BRDA:70,54,0,0
BRDA:23,55,0,2
BRDA:24,56,0,5
BRDA:29,57,0,8
BRDA:70,58,0,8
BRDA:70,59,0,29
BRDA:41,60,0,8
BRDA:70,61,0,8
BRDA:43,62,0,1
BRDA:45,63,0,7
BRDA:70,64,0,7
BRDA:49,65,0,1
BRDA:51,66,0,6
BRDA:70,67,0,6
BRF:68
BRH:48
end_of_record
TN:
SF:src/modules/tenents/services/UpdateTenentService.ts
FN:82,Object.<anonymous>
FN:82,Object.<anonymous>.__decorate
FN:82,Object.<anonymous>.__metadata
FN:82,Object.<anonymous>.__param
FN:82,Object.<anonymous>.__awaiter
FN:82,adopt
FN:82,fulfilled
FN:82,rejected
FN:82,step
FN:82,Object.<anonymous>.__generator
FN:82,sent
FN:82,g.<computed>
FN:82,verb
FN:82,step
FN:82,Object.<anonymous>.__importDefault
FN:26,UpdateTenentService
FN:34,Object.<anonymous>.UpdateTenentService.execute
FNF:17
FNH:15
FNDA:1,Object.<anonymous>
FNDA:1,Object.<anonymous>.__decorate
FNDA:1,Object.<anonymous>.__metadata
FNDA:2,Object.<anonymous>.__param
FNDA:2,Object.<anonymous>.__awaiter
FNDA:7,adopt
FNDA:7,fulfilled
FNDA:0,rejected
FNDA:8,step
FNDA:2,Object.<anonymous>.__generator
FNDA:7,sent
FNDA:0,g.<computed>
FNDA:6,verb
FNDA:9,step
FNDA:1,Object.<anonymous>.__importDefault
FNDA:2,UpdateTenentService
FNDA:2,Object.<anonymous>.UpdateTenentService.execute
DA:1,1
DA:2,1
DA:3,1
DA:4,1
DA:5,1
DA:6,1
DA:7,1
DA:8,1
DA:9,1
DA:10,1
DA:11,1
DA:12,1
DA:13,1
DA:14,1
DA:15,1
DA:16,1
DA:17,1
DA:18,1
DA:19,1
DA:20,1
DA:21,1
DA:22,1
DA:23,1
DA:24,1
DA:25,1
DA:26,1
DA:27,2
DA:28,2
DA:29,2
DA:30,2
DA:31,2
DA:32,2
DA:33,1
DA:34,1
DA:35,2
DA:36,2
DA:37,2
DA:38,2
DA:39,2
DA:40,2
DA:41,2
DA:42,2
DA:43,2
DA:44,2
DA:45,2
DA:46,2
DA:47,2
DA:48,2
DA:49,2
DA:50,0
DA:51,0
DA:52,2
DA:53,2
DA:54,2
DA:55,2
DA:56,0
DA:57,0
DA:58,2
DA:59,2
DA:60,2
DA:61,2
DA:62,1
DA:63,1
DA:64,1
DA:65,1
DA:66,1
DA:67,1
DA:68,1
DA:69,1
DA:70,1
DA:71,1
DA:72,1
DA:73,1
DA:74,1
DA:75,1
DA:76,1
DA:77,2
DA:78,2
DA:79,2
DA:80,1
DA:81,1
DA:82,1
LF:82
LH:78
BRDA:82,0,0,1
BRDA:82,1,0,1
BRDA:82,2,0,1
BRDA:82,3,0,0
BRDA:82,4,0,0
BRDA:82,5,0,0
BRDA:82,6,0,0
BRDA:82,7,0,1
BRDA:82,8,0,2
BRDA:82,9,0,2
BRDA:82,10,0,2
BRDA:82,11,0,7
BRDA:82,12,0,0
BRDA:82,13,0,2
BRDA:82,14,0,7
BRDA:82,15,0,6
BRDA:82,16,0,1
BRDA:82,17,0,8
BRDA:82,18,0,1
BRDA:82,19,0,7
BRDA:82,20,0,2
BRDA:82,21,0,7
BRDA:82,22,0,0
BRDA:82,23,0,6
BRDA:82,24,0,9
BRDA:82,25,0,9
BRDA:82,26,0,0
BRDA:82,27,0,18
BRDA:82,28,0,0
BRDA:82,29,0,0
BRDA:82,30,0,0
BRDA:82,31,0,0
BRDA:82,32,0,9
BRDA:82,33,0,9
BRDA:82,34,0,7
BRDA:82,35,0,0
BRDA:82,36,0,0
BRDA:82,37,0,2
BRDA:82,38,0,0
BRDA:82,39,0,1
BRDA:82,40,0,0
BRDA:82,41,0,0
BRDA:82,42,0,0
BRDA:82,43,0,0
BRDA:82,44,0,9
BRDA:82,45,0,8
BRDA:82,46,0,1
BRDA:82,47,0,9
BRDA:82,48,0,2
BRDA:82,49,0,1
BRDA:82,50,0,0
BRDA:82,51,0,1
BRDA:82,52,0,0
BRDA:25,53,0,1
BRDA:26,54,0,2
BRDA:34,55,0,2
BRDA:82,56,0,2
BRDA:82,57,0,9
BRDA:47,58,0,2
BRDA:82,59,0,2
BRDA:49,60,0,0
BRDA:82,61,0,2
BRDA:55,62,0,0
BRDA:82,63,0,2
BRDA:61,64,0,1
BRDA:61,65,0,1
BRDA:82,66,0,1
BRF:67
BRH:45
end_of_record
TN:
SF:src/modules/users/services/CreateUserService.ts
FN:45,Object.<anonymous>
FN:45,Object.<anonymous>.__decorate
FN:45,Object.<anonymous>.__metadata
FN:45,Object.<anonymous>.__param
FN:45,Object.<anonymous>.__awaiter
FN:45,adopt
FN:45,fulfilled
FN:45,rejected
FN:45,step
FN:45,Object.<anonymous>.__generator
FN:45,sent
FN:45,g.<computed>
FN:45,verb
FN:45,step
FN:45,Object.<anonymous>.__importDefault
FN:18,CreateUserService
FN:26,Object.<anonymous>.CreateUserService.execute
FNF:17
FNH:15
FNDA:3,Object.<anonymous>
FNDA:3,Object.<anonymous>.__decorate
FNDA:3,Object.<anonymous>.__metadata
FNDA:6,Object.<anonymous>.__param
FNDA:7,Object.<anonymous>.__awaiter
FNDA:21,adopt
FNDA:21,fulfilled
FNDA:0,rejected
FNDA:28,step
FNDA:7,Object.<anonymous>.__generator
FNDA:21,sent
FNDA:0,g.<computed>
FNDA:21,verb
FNDA:28,step
FNDA:3,Object.<anonymous>.__importDefault
FNDA:8,CreateUserService
FNDA:7,Object.<anonymous>.CreateUserService.execute
DA:1,1
DA:2,1
DA:3,1
DA:4,1
DA:5,1
DA:6,1
DA:7,1
DA:8,1
DA:9,1
DA:10,1
DA:11,1
DA:12,1
DA:13,1
DA:14,1
DA:15,1
DA:16,1
DA:17,3
DA:18,3
DA:19,8
DA:20,8
DA:21,8
DA:22,8
DA:23,8
DA:24,8
DA:25,3
DA:26,3
DA:27,7
DA:28,7
DA:29,7
DA:30,0
DA:31,0
DA:32,7
DA:33,7
DA:34,7
DA:35,7
DA:36,7
DA:37,7
DA:38,7
DA:39,7
DA:40,7
DA:41,7
DA:42,7
DA:43,3
DA:44,1
DA:45,1
LF:45
LH:43
BRDA:45,0,0,3
BRDA:45,1,0,3
BRDA:45,2,0,3
BRDA:45,3,0,0
BRDA:45,4,0,0
BRDA:45,5,0,0
BRDA:45,6,0,0
BRDA:45,7,0,3
BRDA:45,8,0,6
BRDA:45,9,0,6
BRDA:45,10,0,7
BRDA:45,11,0,21
BRDA:45,12,0,0
BRDA:45,13,0,7
BRDA:45,14,0,21
BRDA:45,15,0,0
BRDA:45,16,0,28
BRDA:45,17,0,7
BRDA:45,18,0,21
BRDA:45,19,0,7
BRDA:45,20,0,21
BRDA:45,21,0,0
BRDA:45,22,0,21
BRDA:45,23,0,28
BRDA:45,24,0,28
BRDA:45,25,0,0
BRDA:45,26,0,56
BRDA:45,27,0,0
BRDA:45,28,0,0
BRDA:45,29,0,0
BRDA:45,30,0,0
BRDA:45,31,0,28
BRDA:45,32,0,28
BRDA:45,33,0,21
BRDA:45,34,0,0
BRDA:45,35,0,0
BRDA:45,36,0,7
BRDA:45,37,0,0
BRDA:45,38,0,0
BRDA:45,39,0,0
BRDA:45,40,0,0
BRDA:45,41,0,0
BRDA:45,42,0,28
BRDA:45,43,0,0
BRDA:45,44,0,28
BRDA:45,45,0,7
BRDA:45,46,0,0
BRDA:45,47,0,7
BRDA:45,48,0,0
BRDA:45,49,0,3
BRDA:45,50,0,0
BRDA:17,51,0,3
BRDA:18,52,0,8
BRDA:26,53,0,7
BRDA:45,54,0,7
BRDA:45,55,0,28
BRDA:27,56,0,7
BRDA:45,57,0,7
BRDA:29,58,0,0
BRDA:45,59,0,7
BRDA:45,60,0,7
BRF:61
BRH:37
end_of_record
TN:
SF:src/modules/users/services/SessionService.ts
FN:56,Object.<anonymous>
FN:56,Object.<anonymous>.__decorate
FN:56,Object.<anonymous>.__metadata
FN:56,Object.<anonymous>.__param
FN:56,Object.<anonymous>.__awaiter
FN:56,adopt
FN:56,fulfilled
FN:56,rejected
FN:56,step
FN:56,Object.<anonymous>.__generator
FN:56,sent
FN:56,g.<computed>
FN:56,verb
FN:56,step
FN:56,Object.<anonymous>.__importDefault
FN:23,SessionService
FN:31,Object.<anonymous>.SessionService.execute
FNF:17
FNH:15
FNDA:1,Object.<anonymous>
FNDA:1,Object.<anonymous>.__decorate
FNDA:1,Object.<anonymous>.__metadata
FNDA:2,Object.<anonymous>.__param
FNDA:3,Object.<anonymous>.__awaiter
FNDA:5,adopt
FNDA:5,fulfilled
FNDA:0,rejected
FNDA:6,step
FNDA:3,Object.<anonymous>.__generator
FNDA:5,sent
FNDA:0,g.<computed>
FNDA:9,verb
FNDA:8,step
FNDA:3,Object.<anonymous>.__importDefault
FNDA:3,SessionService
FNDA:3,Object.<anonymous>.SessionService.execute
DA:1,1
DA:2,1
DA:3,1
DA:4,1
DA:5,1
DA:6,1
DA:7,1
DA:8,1
DA:9,1
DA:10,1
DA:11,1
DA:12,1
DA:13,1
DA:14,1
DA:15,1
DA:16,1
DA:17,1
DA:18,1
DA:19,1
DA:20,1
DA:21,1
DA:22,1
DA:23,1
DA:24,3
DA:25,3
DA:26,3
DA:27,3
DA:28,3
DA:29,3
DA:30,1
DA:31,1
DA:32,3
DA:33,3
DA:34,3
DA:35,1
DA:36,1
DA:37,2
DA:38,2
DA:39,2
DA:40,2
DA:41,2
DA:42,3
DA:43,3
DA:44,1
DA:45,1
DA:46,1
DA:47,1
DA:48,1
DA:49,1
DA:50,1
DA:51,1
DA:52,1
DA:53,3
DA:54,1
DA:55,1
DA:56,1
LF:56
LH:56
BRDA:56,0,0,1
BRDA:56,1,0,1
BRDA:56,2,0,1
BRDA:56,3,0,0
BRDA:56,4,0,0
BRDA:56,5,0,0
BRDA:56,6,0,0
BRDA:56,7,0,1
BRDA:56,8,0,2
BRDA:56,9,0,2
BRDA:56,10,0,3
BRDA:56,11,0,5
BRDA:56,12,0,0
BRDA:56,13,0,3
BRDA:56,14,0,5
BRDA:56,15,0,3
BRDA:56,16,0,2
BRDA:56,17,0,6
BRDA:56,18,0,1
BRDA:56,19,0,5
BRDA:56,20,0,3
BRDA:56,21,0,5
BRDA:56,22,0,0
BRDA:56,23,0,9
BRDA:56,24,0,8
BRDA:56,25,0,8
BRDA:56,26,0,0
BRDA:56,27,0,16
BRDA:56,28,0,0
BRDA:56,29,0,0
BRDA:56,30,0,0
BRDA:56,31,0,0
BRDA:56,32,0,8
BRDA:56,33,0,8
BRDA:56,34,0,5
BRDA:56,35,0,0
BRDA:56,36,0,0
BRDA:56,37,0,3
BRDA:56,38,0,0
BRDA:56,39,0,1
BRDA:56,40,0,0
BRDA:56,41,0,0
BRDA:56,42,0,0
BRDA:56,43,0,0
BRDA:56,44,0,8
BRDA:56,45,0,6
BRDA:56,46,0,2
BRDA:56,47,0,8
BRDA:56,48,0,3
BRDA:56,49,0,2
BRDA:56,50,0,1
BRDA:56,51,0,0
BRDA:56,52,0,3
BRDA:56,53,0,2
BRDA:56,54,0,1
BRDA:22,55,0,1
BRDA:23,56,0,3
BRDA:31,57,0,3
BRDA:56,58,0,3
BRDA:56,59,0,8
BRDA:32,60,0,3
BRDA:56,61,0,3
BRDA:34,62,0,1
BRDA:36,63,0,2
BRDA:56,64,0,2
BRDA:43,65,0,1
BRF:66
BRH:47
end_of_record
TN:
SF:src/modules/users/services/UpdateUserAvatarService.ts
FN:46,Object.<anonymous>
FN:46,Object.<anonymous>.__decorate
FN:46,Object.<anonymous>.__metadata
FN:46,Object.<anonymous>.__param
FN:46,Object.<anonymous>.__awaiter
FN:46,adopt
FN:46,fulfilled
FN:46,rejected
FN:46,step
FN:46,Object.<anonymous>.__generator
FN:46,sent
FN:46,g.<computed>
FN:46,verb
FN:46,step
FN:46,Object.<anonymous>.__importDefault
FN:17,UpdateUserAvatar
FN:25,Object.<anonymous>.UpdateUserAvatar.execute
FNF:17
FNH:15
FNDA:1,Object.<anonymous>
FNDA:1,Object.<anonymous>.__decorate
FNDA:1,Object.<anonymous>.__metadata
FNDA:2,Object.<anonymous>.__param
FNDA:4,Object.<anonymous>.__awaiter
FNDA:11,adopt
FNDA:11,fulfilled
FNDA:0,rejected
FNDA:14,step
FNDA:4,Object.<anonymous>.__generator
FNDA:11,sent
FNDA:0,g.<computed>
FNDA:12,verb
FNDA:15,step
FNDA:1,Object.<anonymous>.__importDefault
FNDA:3,UpdateUserAvatar
FNDA:4,Object.<anonymous>.UpdateUserAvatar.execute
DA:1,1
DA:2,1
DA:3,1
DA:4,1
DA:5,1
DA:6,1
DA:7,1
DA:8,1
DA:9,1
DA:10,1
DA:11,1
DA:12,1
DA:13,1
DA:14,1
DA:15,1
DA:16,1
DA:17,1
DA:18,3
DA:19,3
DA:20,3
DA:21,3
DA:22,3
DA:23,3
DA:24,1
DA:25,1
DA:26,4
DA:27,4
DA:28,4
DA:29,1
DA:30,1
DA:31,3
DA:32,3
DA:33,1
DA:34,4
DA:35,4
DA:36,4
DA:37,4
DA:38,4
DA:39,4
DA:40,4
DA:41,4
DA:42,4
DA:43,4
DA:44,1
DA:45,1
DA:46,1
LF:46
LH:46
BRDA:46,0,0,1
BRDA:46,1,0,1
BRDA:46,2,0,1
BRDA:46,3,0,0
BRDA:46,4,0,0
BRDA:46,5,0,0
BRDA:46,6,0,0
BRDA:46,7,0,1
BRDA:46,8,0,2
BRDA:46,9,0,2
BRDA:46,10,0,4
BRDA:46,11,0,11
BRDA:46,12,0,0
BRDA:46,13,0,4
BRDA:46,14,0,11
BRDA:46,15,0,10
BRDA:46,16,0,1
BRDA:46,17,0,14
BRDA:46,18,0,3
BRDA:46,19,0,11
BRDA:46,20,0,4
BRDA:46,21,0,11
BRDA:46,22,0,0
BRDA:46,23,0,12
BRDA:46,24,0,15
BRDA:46,25,0,15
BRDA:46,26,0,0
BRDA:46,27,0,32
BRDA:46,28,0,0
BRDA:46,29,0,0
BRDA:46,30,0,0
BRDA:46,31,0,0
BRDA:46,32,0,15
BRDA:46,33,0,15
BRDA:46,34,0,11
BRDA:46,35,0,0
BRDA:46,36,0,0
BRDA:46,37,0,6
BRDA:46,38,0,0
BRDA:46,39,0,5
BRDA:46,40,0,4
BRDA:46,41,0,2
BRDA:46,42,0,0
BRDA:46,43,0,2
BRDA:46,44,0,0
BRDA:46,45,0,0
BRDA:46,46,0,0
BRDA:46,47,0,17
BRDA:46,48,0,16
BRDA:46,49,0,1
BRDA:46,50,0,17
BRDA:46,51,0,4
BRDA:46,52,0,1
BRDA:46,53,0,3
BRDA:46,54,0,0
BRDA:46,55,0,1
BRDA:46,56,0,0
BRDA:16,57,0,1
BRDA:17,58,0,3
BRDA:25,59,0,4
BRDA:46,60,0,4
BRDA:46,61,0,17
BRDA:26,62,0,4
BRDA:46,63,0,4
BRDA:28,64,0,1
BRDA:30,65,0,3
BRDA:32,66,0,2
BRDA:32,67,0,1
BRDA:46,68,0,1
BRDA:36,69,0,3
BRDA:46,70,0,3
BRDA:46,71,0,3
BRF:72
BRH:52
end_of_record
TN:
SF:src/modules/users/services/UpdateUserService.ts
FN:54,Object.<anonymous>
FN:54,Object.<anonymous>.__decorate
FN:54,Object.<anonymous>.__metadata
FN:54,Object.<anonymous>.__param
FN:54,Object.<anonymous>.__awaiter
FN:54,adopt
FN:54,fulfilled
FN:54,rejected
FN:54,step
FN:54,Object.<anonymous>.__generator
FN:54,sent
FN:54,g.<computed>
FN:54,verb
FN:54,step
FN:54,Object.<anonymous>.__importDefault
FN:18,UpdateUserService
FN:26,Object.<anonymous>.UpdateUserService.execute
FNF:17
FNH:15
FNDA:1,Object.<anonymous>
FNDA:1,Object.<anonymous>.__decorate
FNDA:1,Object.<anonymous>.__metadata
FNDA:2,Object.<anonymous>.__param
FNDA:3,Object.<anonymous>.__awaiter
FNDA:7,adopt
FNDA:7,fulfilled
FNDA:0,rejected
FNDA:8,step
FNDA:3,Object.<anonymous>.__generator
FNDA:7,sent
FNDA:0,g.<computed>
FNDA:9,verb
FNDA:10,step
FNDA:1,Object.<anonymous>.__importDefault
FNDA:3,UpdateUserService
FNDA:3,Object.<anonymous>.UpdateUserService.execute
DA:1,1
DA:2,1
DA:3,1
DA:4,1
DA:5,1
DA:6,1
DA:7,1
DA:8,1
DA:9,1
DA:10,1
DA:11,1
DA:12,1
DA:13,1
DA:14,1
DA:15,1
DA:16,1
DA:17,1
DA:18,1
DA:19,3
DA:20,3
DA:21,3
DA:22,3
DA:23,3
DA:24,3
DA:25,1
DA:26,1
DA:27,3
DA:28,3
DA:29,3
DA:30,3
DA:31,3
DA:32,3
DA:33,3
DA:34,3
DA:35,1
DA:36,1
DA:37,2
DA:38,2
DA:39,3
DA:40,3
DA:41,1
DA:42,1
DA:43,1
DA:44,1
DA:45,3
DA:46,3
DA:47,3
DA:48,3
DA:49,3
DA:50,3
DA:51,3
DA:52,1
DA:53,1
DA:54,1
LF:54
LH:54
BRDA:54,0,0,1
BRDA:54,1,0,1
BRDA:54,2,0,1
BRDA:54,3,0,0
BRDA:54,4,0,0
BRDA:54,5,0,0
BRDA:54,6,0,0
BRDA:54,7,0,1
BRDA:54,8,0,2
BRDA:54,9,0,2
BRDA:54,10,0,3
BRDA:54,11,0,7
BRDA:54,12,0,0
BRDA:54,13,0,3
BRDA:54,14,0,7
BRDA:54,15,0,5
BRDA:54,16,0,2
BRDA:54,17,0,8
BRDA:54,18,0,1
BRDA:54,19,0,7
BRDA:54,20,0,3
BRDA:54,21,0,7
BRDA:54,22,0,0
BRDA:54,23,0,9
BRDA:54,24,0,10
BRDA:54,25,0,10
BRDA:54,26,0,0
BRDA:54,27,0,20
BRDA:54,28,0,0
BRDA:54,29,0,0
BRDA:54,30,0,0
BRDA:54,31,0,0
BRDA:54,32,0,10
BRDA:54,33,0,10
BRDA:54,34,0,7
BRDA:54,35,0,0
BRDA:54,36,0,0
BRDA:54,37,0,3
BRDA:54,38,0,0
BRDA:54,39,0,1
BRDA:54,40,0,0
BRDA:54,41,0,0
BRDA:54,42,0,0
BRDA:54,43,0,0
BRDA:54,44,0,10
BRDA:54,45,0,8
BRDA:54,46,0,2
BRDA:54,47,0,10
BRDA:54,48,0,3
BRDA:54,49,0,2
BRDA:54,50,0,1
BRDA:54,51,0,0
BRDA:54,52,0,1
BRDA:54,53,0,0
BRDA:17,54,0,1
BRDA:18,55,0,3
BRDA:26,56,0,3
BRDA:54,57,0,3
BRDA:54,58,0,10
BRDA:32,59,0,3
BRDA:54,60,0,3
BRDA:34,61,0,1
BRDA:36,62,0,2
BRDA:54,63,0,2
BRDA:40,64,0,1
BRDA:40,65,0,1
BRDA:54,66,0,1
BRDA:54,67,0,1
BRF:68
BRH:48
end_of_record
